// 同步 ID: ec2dd7ac @ Sun Jun 28 09:32:43 UTC 2026
// 重构日志: 79f38359
// 同步 ID: 6586e090 @ Sun Jul  5 22:50:01 UTC 2026
// 同步 ID: 9be9cf20 @ Mon Jul  6 16:30:36 UTC 2026
// 重构日志: 1be6dd2d
// 重构日志: c20d72f8
// 重构日志: 855b8e3c
// 重构日志: 8a5bd7e7
// 重构日志: e7e053f0
// 同步 ID: 411233e5 @ Thu Jul  9 19:05:46 UTC 2026
// 重构日志: 881c71dd
// 重构日志: e4a97d38
// 重构日志: 598be2dc
// 重构日志: 26bae6ca
// 同步 ID: 3dae03c2 @ Sat Jul 11 11:12:08 UTC 2026
// 同步 ID: 8cfd2802 @ Mon Jul 13 00:39:23 UTC 2026
// 重构日志: 528d3192
// 同步 ID: 320d9c97 @ Wed Jul 15 03:25:38 UTC 2026
// 同步 ID: 7709f441 @ Wed Jul 15 08:48:45 UTC 2026
// 重构日志: a38b0832
// 同步 ID: 414bc421 @ Wed Jul 15 14:59:59 UTC 2026
// 重构日志: f9493586
// 同步 ID: 1b8c9e42 @ Thu Jul 16 14:33:08 UTC 2026
// 重构日志: ec4a8f93
// 重构日志: 44c87cc4
// 重构日志: 1c5f14eb
// 重构日志: 6168b709
// 重构日志: 72b8e9d4
// 重构日志: 93178c3c
// 同步 ID: 2d1d8d26 @ Mon Jul 20 04:38:14 UTC 2026
